Determining if the pthread_create exist failed with the following output:
Change Dir: /home/dmitry/Рабочий стол/HSE-Course/module-1/homework/BigInteger/build/CMakeFiles/CMakeTmp

Run Build Command:"/usr/bin/make" "cmTC_af93d/fast"
/usr/bin/make -f CMakeFiles/cmTC_af93d.dir/build.make CMakeFiles/cmTC_af93d.dir/build
make[1]: вход в каталог «/home/dmitry/Рабочий стол/HSE-Course/module-1/homework/BigInteger/build/CMakeFiles/CMakeTmp»
Building C object CMakeFiles/cmTC_af93d.dir/CheckSymbolExists.c.o
/usr/bin/cc    -o CMakeFiles/cmTC_af93d.dir/CheckSymbolExists.c.o   -c "/home/dmitry/Рабочий стол/HSE-Course/module-1/homework/BigInteger/build/CMakeFiles/CMakeTmp/CheckSymbolExists.c"
Linking C executable cmTC_af93d
/usr/bin/cmake -E cmake_link_script CMakeFiles/cmTC_af93d.dir/link.txt --verbose=1
/usr/bin/cc      -rdynamic CMakeFiles/cmTC_af93d.dir/CheckSymbolExists.c.o  -o cmTC_af93d 
/usr/bin/ld: CMakeFiles/cmTC_af93d.dir/CheckSymbolExists.c.o: в функции «main»:
CheckSymbolExists.c:(.text+0x1f): неопределённая ссылка на «pthread_create»
collect2: error: ld returned 1 exit status
make[1]: *** [CMakeFiles/cmTC_af93d.dir/build.make:87: cmTC_af93d] Ошибка 1
make[1]: выход из каталога «/home/dmitry/Рабочий стол/HSE-Course/module-1/homework/BigInteger/build/CMakeFiles/CMakeTmp»
make: *** [Makefile:121: cmTC_af93d/fast] Ошибка 2

File /home/dmitry/Рабочий стол/HSE-Course/module-1/homework/BigInteger/build/CMakeFiles/CMakeTmp/CheckSymbolExists.c:
/* */
#include <pthread.h>

int main(int argc, char** argv)
{
  (void)argv;
#ifndef pthread_create
  return ((int*)(&pthread_create))[argc];
#else
  (void)argc;
  return 0;
#endif
}

Determining if the function pthread_create exists in the pthreads failed with the following output:
Change Dir: /home/dmitry/Рабочий стол/HSE-Course/module-1/homework/BigInteger/build/CMakeFiles/CMakeTmp

Run Build Command:"/usr/bin/make" "cmTC_348dd/fast"
/usr/bin/make -f CMakeFiles/cmTC_348dd.dir/build.make CMakeFiles/cmTC_348dd.dir/build
make[1]: вход в каталог «/home/dmitry/Рабочий стол/HSE-Course/module-1/homework/BigInteger/build/CMakeFiles/CMakeTmp»
Building C object CMakeFiles/cmTC_348dd.dir/CheckFunctionExists.c.o
/usr/bin/cc   -DCHECK_FUNCTION_EXISTS=pthread_create   -o CMakeFiles/cmTC_348dd.dir/CheckFunctionExists.c.o   -c /usr/share/cmake-3.13/Modules/CheckFunctionExists.c
Linking C executable cmTC_348dd
/usr/bin/cmake -E cmake_link_script CMakeFiles/cmTC_348dd.dir/link.txt --verbose=1
/usr/bin/cc  -DCHECK_FUNCTION_EXISTS=pthread_create    -rdynamic CMakeFiles/cmTC_348dd.dir/CheckFunctionExists.c.o  -o cmTC_348dd -lpthreads 
/usr/bin/ld: невозможно найти -lpthreads
collect2: error: ld returned 1 exit status
make[1]: *** [CMakeFiles/cmTC_348dd.dir/build.make:87: cmTC_348dd] Ошибка 1
make[1]: выход из каталога «/home/dmitry/Рабочий стол/HSE-Course/module-1/homework/BigInteger/build/CMakeFiles/CMakeTmp»
make: *** [Makefile:121: cmTC_348dd/fast] Ошибка 2


