Performing C SOURCE FILE Test CMAKE_HAVE_LIBC_PTHREAD failed with the following output:
Change Dir: /home/dmitry/Рабочий стол/HSE-Course/module-1/homework/BigInteger/cmake-build-debug/CMakeFiles/CMakeTmp

Run Build Command(s):/usr/bin/make cmTC_628f3/fast && /usr/bin/make  -f CMakeFiles/cmTC_628f3.dir/build.make CMakeFiles/cmTC_628f3.dir/build
make[1]: вход в каталог «/home/dmitry/Рабочий стол/HSE-Course/module-1/homework/BigInteger/cmake-build-debug/CMakeFiles/CMakeTmp»
Building C object CMakeFiles/cmTC_628f3.dir/src.c.o
/usr/bin/cc   -DCMAKE_HAVE_LIBC_PTHREAD   -o CMakeFiles/cmTC_628f3.dir/src.c.o   -c "/home/dmitry/Рабочий стол/HSE-Course/module-1/homework/BigInteger/cmake-build-debug/CMakeFiles/CMakeTmp/src.c"
Linking C executable cmTC_628f3
"/home/dmitry/Рабочий стол/clion-2020.2.4/bin/cmake/linux/bin/cmake" -E cmake_link_script CMakeFiles/cmTC_628f3.dir/link.txt --verbose=1
/usr/bin/cc  -DCMAKE_HAVE_LIBC_PTHREAD    -rdynamic CMakeFiles/cmTC_628f3.dir/src.c.o  -o cmTC_628f3 
/usr/bin/ld: CMakeFiles/cmTC_628f3.dir/src.c.o: в функции «main»:
src.c:(.text+0x46): неопределённая ссылка на «pthread_create»
/usr/bin/ld: src.c:(.text+0x52): неопределённая ссылка на «pthread_detach»
/usr/bin/ld: src.c:(.text+0x5e): неопределённая ссылка на «pthread_cancel»
/usr/bin/ld: src.c:(.text+0x6f): неопределённая ссылка на «pthread_join»
collect2: error: ld returned 1 exit status
make[1]: *** [CMakeFiles/cmTC_628f3.dir/build.make:107: cmTC_628f3] Ошибка 1
make[1]: выход из каталога «/home/dmitry/Рабочий стол/HSE-Course/module-1/homework/BigInteger/cmake-build-debug/CMakeFiles/CMakeTmp»
make: *** [Makefile:141: cmTC_628f3/fast] Ошибка 2


Source file was:
#include <pthread.h>

void* test_func(void* data)
{
  return data;
}

int main(void)
{
  pthread_t thread;
  pthread_create(&thread, NULL, test_func, NULL);
  pthread_detach(thread);
  pthread_cancel(thread);
  pthread_join(thread, NULL);
  pthread_atfork(NULL, NULL, NULL);
  pthread_exit(NULL);

  return 0;
}

Determining if the function pthread_create exists in the pthreads failed with the following output:
Change Dir: /home/dmitry/Рабочий стол/HSE-Course/module-1/homework/BigInteger/cmake-build-debug/CMakeFiles/CMakeTmp

Run Build Command(s):/usr/bin/make cmTC_3f1ff/fast && /usr/bin/make  -f CMakeFiles/cmTC_3f1ff.dir/build.make CMakeFiles/cmTC_3f1ff.dir/build
make[1]: вход в каталог «/home/dmitry/Рабочий стол/HSE-Course/module-1/homework/BigInteger/cmake-build-debug/CMakeFiles/CMakeTmp»
Building C object CMakeFiles/cmTC_3f1ff.dir/CheckFunctionExists.c.o
/usr/bin/cc   -DCHECK_FUNCTION_EXISTS=pthread_create   -o CMakeFiles/cmTC_3f1ff.dir/CheckFunctionExists.c.o   -c "/home/dmitry/Рабочий стол/clion-2020.2.4/bin/cmake/linux/share/cmake-3.17/Modules/CheckFunctionExists.c"
Linking C executable cmTC_3f1ff
"/home/dmitry/Рабочий стол/clion-2020.2.4/bin/cmake/linux/bin/cmake" -E cmake_link_script CMakeFiles/cmTC_3f1ff.dir/link.txt --verbose=1
/usr/bin/cc  -DCHECK_FUNCTION_EXISTS=pthread_create    -rdynamic CMakeFiles/cmTC_3f1ff.dir/CheckFunctionExists.c.o  -o cmTC_3f1ff  -lpthreads 
/usr/bin/ld: невозможно найти -lpthreads
collect2: error: ld returned 1 exit status
make[1]: *** [CMakeFiles/cmTC_3f1ff.dir/build.make:107: cmTC_3f1ff] Ошибка 1
make[1]: выход из каталога «/home/dmitry/Рабочий стол/HSE-Course/module-1/homework/BigInteger/cmake-build-debug/CMakeFiles/CMakeTmp»
make: *** [Makefile:141: cmTC_3f1ff/fast] Ошибка 2



